<?xml version="1.0" encoding="UTF-8"?>
<testsuite xmlns:xsi="http://www.w3.org/2001/XMLSchema-instance" xsi:noNamespaceSchemaLocation="https://maven.apache.org/surefire/maven-surefire-plugin/xsd/surefire-test-report-3.0.xsd" version="3.0" name="com.example.ilp_cw1.api.ApiTest" time="10.898" tests="31" errors="0" skipped="0" failures="0">
  <properties>
    <property name="java.specification.version" value="19"/>
    <property name="sun.cpu.isalist" value="amd64"/>
    <property name="sun.jnu.encoding" value="Cp1252"/>
    <property name="java.class.path" value="C:\Users\panim\Documents\PizzaDronz\target\test-classes;C:\Users\panim\Documents\PizzaDronz\target\classes;C:\Users\panim\.m2\repository\org\springframework\boot\spring-boot-starter-web\3.3.4\spring-boot-starter-web-3.3.4.jar;C:\Users\panim\.m2\repository\org\springframework\boot\spring-boot-starter\3.3.4\spring-boot-starter-3.3.4.jar;C:\Users\panim\.m2\repository\org\springframework\boot\spring-boot\3.3.4\spring-boot-3.3.4.jar;C:\Users\panim\.m2\repository\org\springframework\boot\spring-boot-autoconfigure\3.3.4\spring-boot-autoconfigure-3.3.4.jar;C:\Users\panim\.m2\repository\org\springframework\boot\spring-boot-starter-logging\3.3.4\spring-boot-starter-logging-3.3.4.jar;C:\Users\panim\.m2\repository\ch\qos\logback\logback-classic\1.5.8\logback-classic-1.5.8.jar;C:\Users\panim\.m2\repository\ch\qos\logback\logback-core\1.5.8\logback-core-1.5.8.jar;C:\Users\panim\.m2\repository\org\apache\logging\log4j\log4j-to-slf4j\2.23.1\log4j-to-slf4j-2.23.1.jar;C:\Users\panim\.m2\repository\org\apache\logging\log4j\log4j-api\2.23.1\log4j-api-2.23.1.jar;C:\Users\panim\.m2\repository\org\slf4j\jul-to-slf4j\2.0.16\jul-to-slf4j-2.0.16.jar;C:\Users\panim\.m2\repository\jakarta\annotation\jakarta.annotation-api\2.1.1\jakarta.annotation-api-2.1.1.jar;C:\Users\panim\.m2\repository\org\yaml\snakeyaml\2.2\snakeyaml-2.2.jar;C:\Users\panim\.m2\repository\org\springframework\boot\spring-boot-starter-json\3.3.4\spring-boot-starter-json-3.3.4.jar;C:\Users\panim\.m2\repository\com\fasterxml\jackson\datatype\jackson-datatype-jdk8\2.17.2\jackson-datatype-jdk8-2.17.2.jar;C:\Users\panim\.m2\repository\com\fasterxml\jackson\datatype\jackson-datatype-jsr310\2.17.2\jackson-datatype-jsr310-2.17.2.jar;C:\Users\panim\.m2\repository\com\fasterxml\jackson\module\jackson-module-parameter-names\2.17.2\jackson-module-parameter-names-2.17.2.jar;C:\Users\panim\.m2\repository\org\springframework\boot\spring-boot-starter-tomcat\3.3.4\spring-boot-starter-tomcat-3.3.4.jar;C:\Users\panim\.m2\repository\org\apache\tomcat\embed\tomcat-embed-core\10.1.30\tomcat-embed-core-10.1.30.jar;C:\Users\panim\.m2\repository\org\apache\tomcat\embed\tomcat-embed-el\10.1.30\tomcat-embed-el-10.1.30.jar;C:\Users\panim\.m2\repository\org\apache\tomcat\embed\tomcat-embed-websocket\10.1.30\tomcat-embed-websocket-10.1.30.jar;C:\Users\panim\.m2\repository\org\springframework\spring-web\6.1.13\spring-web-6.1.13.jar;C:\Users\panim\.m2\repository\org\springframework\spring-beans\6.1.13\spring-beans-6.1.13.jar;C:\Users\panim\.m2\repository\io\micrometer\micrometer-observation\1.13.4\micrometer-observation-1.13.4.jar;C:\Users\panim\.m2\repository\io\micrometer\micrometer-commons\1.13.4\micrometer-commons-1.13.4.jar;C:\Users\panim\.m2\repository\org\springframework\spring-webmvc\6.1.13\spring-webmvc-6.1.13.jar;C:\Users\panim\.m2\repository\org\springframework\spring-aop\6.1.13\spring-aop-6.1.13.jar;C:\Users\panim\.m2\repository\org\springframework\spring-context\6.1.13\spring-context-6.1.13.jar;C:\Users\panim\.m2\repository\org\springframework\spring-expression\6.1.13\spring-expression-6.1.13.jar;C:\Users\panim\.m2\repository\org\springframework\boot\spring-boot-starter-test\3.3.4\spring-boot-starter-test-3.3.4.jar;C:\Users\panim\.m2\repository\org\springframework\boot\spring-boot-test\3.3.4\spring-boot-test-3.3.4.jar;C:\Users\panim\.m2\repository\org\springframework\boot\spring-boot-test-autoconfigure\3.3.4\spring-boot-test-autoconfigure-3.3.4.jar;C:\Users\panim\.m2\repository\com\jayway\jsonpath\json-path\2.9.0\json-path-2.9.0.jar;C:\Users\panim\.m2\repository\jakarta\xml\bind\jakarta.xml.bind-api\4.0.2\jakarta.xml.bind-api-4.0.2.jar;C:\Users\panim\.m2\repository\jakarta\activation\jakarta.activation-api\2.1.3\jakarta.activation-api-2.1.3.jar;C:\Users\panim\.m2\repository\net\minidev\json-smart\2.5.1\json-smart-2.5.1.jar;C:\Users\panim\.m2\repository\net\minidev\accessors-smart\2.5.1\accessors-smart-2.5.1.jar;C:\Users\panim\.m2\repository\org\ow2\asm\asm\9.6\asm-9.6.jar;C:\Users\panim\.m2\repository\org\assertj\assertj-core\3.25.3\assertj-core-3.25.3.jar;C:\Users\panim\.m2\repository\net\bytebuddy\byte-buddy\1.14.19\byte-buddy-1.14.19.jar;C:\Users\panim\.m2\repository\org\awaitility\awaitility\4.2.2\awaitility-4.2.2.jar;C:\Users\panim\.m2\repository\org\hamcrest\hamcrest\2.2\hamcrest-2.2.jar;C:\Users\panim\.m2\repository\org\junit\jupiter\junit-jupiter\5.10.3\junit-jupiter-5.10.3.jar;C:\Users\panim\.m2\repository\org\junit\jupiter\junit-jupiter-api\5.10.3\junit-jupiter-api-5.10.3.jar;C:\Users\panim\.m2\repository\org\opentest4j\opentest4j\1.3.0\opentest4j-1.3.0.jar;C:\Users\panim\.m2\repository\org\junit\platform\junit-platform-commons\1.10.3\junit-platform-commons-1.10.3.jar;C:\Users\panim\.m2\repository\org\apiguardian\apiguardian-api\1.1.2\apiguardian-api-1.1.2.jar;C:\Users\panim\.m2\repository\org\junit\jupiter\junit-jupiter-params\5.10.3\junit-jupiter-params-5.10.3.jar;C:\Users\panim\.m2\repository\org\junit\jupiter\junit-jupiter-engine\5.10.3\junit-jupiter-engine-5.10.3.jar;C:\Users\panim\.m2\repository\org\junit\platform\junit-platform-engine\1.10.3\junit-platform-engine-1.10.3.jar;C:\Users\panim\.m2\repository\org\mockito\mockito-core\5.11.0\mockito-core-5.11.0.jar;C:\Users\panim\.m2\repository\net\bytebuddy\byte-buddy-agent\1.14.19\byte-buddy-agent-1.14.19.jar;C:\Users\panim\.m2\repository\org\objenesis\objenesis\3.3\objenesis-3.3.jar;C:\Users\panim\.m2\repository\org\mockito\mockito-junit-jupiter\5.11.0\mockito-junit-jupiter-5.11.0.jar;C:\Users\panim\.m2\repository\org\skyscreamer\jsonassert\1.5.3\jsonassert-1.5.3.jar;C:\Users\panim\.m2\repository\com\vaadin\external\google\android-json\0.0.20131108.vaadin1\android-json-0.0.20131108.vaadin1.jar;C:\Users\panim\.m2\repository\org\springframework\spring-core\6.1.13\spring-core-6.1.13.jar;C:\Users\panim\.m2\repository\org\springframework\spring-jcl\6.1.13\spring-jcl-6.1.13.jar;C:\Users\panim\.m2\repository\org\springframework\spring-test\6.1.13\spring-test-6.1.13.jar;C:\Users\panim\.m2\repository\org\xmlunit\xmlunit-core\2.9.1\xmlunit-core-2.9.1.jar;C:\Users\panim\.m2\repository\org\locationtech\jts\jts-core\1.20.0\jts-core-1.20.0.jar;C:\Users\panim\.m2\repository\io\rest-assured\rest-assured\5.3.0\rest-assured-5.3.0.jar;C:\Users\panim\.m2\repository\org\apache\groovy\groovy\4.0.23\groovy-4.0.23.jar;C:\Users\panim\.m2\repository\org\apache\groovy\groovy-xml\4.0.23\groovy-xml-4.0.23.jar;C:\Users\panim\.m2\repository\org\apache\httpcomponents\httpclient\4.5.13\httpclient-4.5.13.jar;C:\Users\panim\.m2\repository\org\apache\httpcomponents\httpcore\4.4.16\httpcore-4.4.16.jar;C:\Users\panim\.m2\repository\commons-logging\commons-logging\1.2\commons-logging-1.2.jar;C:\Users\panim\.m2\repository\commons-codec\commons-codec\1.16.1\commons-codec-1.16.1.jar;C:\Users\panim\.m2\repository\org\apache\httpcomponents\httpmime\4.5.13\httpmime-4.5.13.jar;C:\Users\panim\.m2\repository\org\ccil\cowan\tagsoup\tagsoup\1.2.1\tagsoup-1.2.1.jar;C:\Users\panim\.m2\repository\io\rest-assured\json-path\5.4.0\json-path-5.4.0.jar;C:\Users\panim\.m2\repository\org\apache\groovy\groovy-json\4.0.23\groovy-json-4.0.23.jar;C:\Users\panim\.m2\repository\io\rest-assured\rest-assured-common\5.4.0\rest-assured-common-5.4.0.jar;C:\Users\panim\.m2\repository\io\rest-assured\xml-path\5.4.0\xml-path-5.4.0.jar;C:\Users\panim\.m2\repository\org\apache\commons\commons-lang3\3.14.0\commons-lang3-3.14.0.jar;C:\Users\panim\.m2\repository\com\fasterxml\jackson\core\jackson-databind\2.17.2\jackson-databind-2.17.2.jar;C:\Users\panim\.m2\repository\com\fasterxml\jackson\core\jackson-annotations\2.17.2\jackson-annotations-2.17.2.jar;C:\Users\panim\.m2\repository\com\fasterxml\jackson\core\jackson-core\2.17.2\jackson-core-2.17.2.jar;C:\Users\panim\.m2\repository\org\testcontainers\testcontainers\1.19.0\testcontainers-1.19.0.jar;C:\Users\panim\.m2\repository\junit\junit\4.13.2\junit-4.13.2.jar;C:\Users\panim\.m2\repository\org\hamcrest\hamcrest-core\2.2\hamcrest-core-2.2.jar;C:\Users\panim\.m2\repository\org\slf4j\slf4j-api\2.0.16\slf4j-api-2.0.16.jar;C:\Users\panim\.m2\repository\org\apache\commons\commons-compress\1.23.0\commons-compress-1.23.0.jar;C:\Users\panim\.m2\repository\org\rnorth\duct-tape\duct-tape\1.0.8\duct-tape-1.0.8.jar;C:\Users\panim\.m2\repository\org\jetbrains\annotations\17.0.0\annotations-17.0.0.jar;C:\Users\panim\.m2\repository\com\github\docker-java\docker-java-api\3.3.3\docker-java-api-3.3.3.jar;C:\Users\panim\.m2\repository\com\github\docker-java\docker-java-transport-zerodep\3.3.3\docker-java-transport-zerodep-3.3.3.jar;C:\Users\panim\.m2\repository\com\github\docker-java\docker-java-transport\3.3.3\docker-java-transport-3.3.3.jar;C:\Users\panim\.m2\repository\net\java\dev\jna\jna\5.12.1\jna-5.12.1.jar;C:\Users\panim\.m2\repository\org\testcontainers\junit-jupiter\1.19.0\junit-jupiter-1.19.0.jar;C:\Users\panim\.m2\repository\org\testcontainers\postgresql\1.19.0\postgresql-1.19.0.jar;C:\Users\panim\.m2\repository\org\testcontainers\jdbc\1.19.8\jdbc-1.19.8.jar;C:\Users\panim\.m2\repository\org\testcontainers\database-commons\1.19.8\database-commons-1.19.8.jar;C:\Users\panim\.m2\repository\org\springframework\boot\spring-boot-starter-jdbc\3.3.4\spring-boot-starter-jdbc-3.3.4.jar;C:\Users\panim\.m2\repository\com\zaxxer\HikariCP\5.1.0\HikariCP-5.1.0.jar;C:\Users\panim\.m2\repository\org\springframework\spring-jdbc\6.1.13\spring-jdbc-6.1.13.jar;C:\Users\panim\.m2\repository\org\springframework\spring-tx\6.1.13\spring-tx-6.1.13.jar;C:\Users\panim\.m2\repository\mysql\mysql-connector-java\8.0.25\mysql-connector-java-8.0.25.jar;C:\Users\panim\.m2\repository\com\google\protobuf\protobuf-java\3.11.4\protobuf-java-3.11.4.jar;C:\Users\panim\.m2\repository\com\h2database\h2\2.2.224\h2-2.2.224.jar;"/>
    <property name="java.vm.vendor" value="Oracle Corporation"/>
    <property name="sun.arch.data.model" value="64"/>
    <property name="user.variant" value=""/>
    <property name="catalina.useNaming" value="false"/>
    <property name="java.vendor.url" value="https://java.oracle.com/"/>
    <property name="user.timezone" value="Europe/London"/>
    <property name="os.name" value="Windows 11"/>
    <property name="java.vm.specification.version" value="19"/>
    <property name="sun.java.launcher" value="SUN_STANDARD"/>
    <property name="user.country" value="GB"/>
    <property name="sun.boot.library.path" value="C:\jdk-19_windows-x64_bin\jdk-19.0.1\bin"/>
    <property name="sun.java.command" value="C:\Users\panim\AppData\Local\Temp\surefire1853666993497322372\surefirebooter-20250119135330946_3.jar C:\Users\panim\AppData\Local\Temp\surefire1853666993497322372 2025-01-19T13-53-30_692-jvmRun1 surefire-20250119135330946_1tmp surefire_0-20250119135330946_2tmp"/>
    <property name="jdk.debug" value="release"/>
    <property name="surefire.test.class.path" value="C:\Users\panim\Documents\PizzaDronz\target\test-classes;C:\Users\panim\Documents\PizzaDronz\target\classes;C:\Users\panim\.m2\repository\org\springframework\boot\spring-boot-starter-web\3.3.4\spring-boot-starter-web-3.3.4.jar;C:\Users\panim\.m2\repository\org\springframework\boot\spring-boot-starter\3.3.4\spring-boot-starter-3.3.4.jar;C:\Users\panim\.m2\repository\org\springframework\boot\spring-boot\3.3.4\spring-boot-3.3.4.jar;C:\Users\panim\.m2\repository\org\springframework\boot\spring-boot-autoconfigure\3.3.4\spring-boot-autoconfigure-3.3.4.jar;C:\Users\panim\.m2\repository\org\springframework\boot\spring-boot-starter-logging\3.3.4\spring-boot-starter-logging-3.3.4.jar;C:\Users\panim\.m2\repository\ch\qos\logback\logback-classic\1.5.8\logback-classic-1.5.8.jar;C:\Users\panim\.m2\repository\ch\qos\logback\logback-core\1.5.8\logback-core-1.5.8.jar;C:\Users\panim\.m2\repository\org\apache\logging\log4j\log4j-to-slf4j\2.23.1\log4j-to-slf4j-2.23.1.jar;C:\Users\panim\.m2\repository\org\apache\logging\log4j\log4j-api\2.23.1\log4j-api-2.23.1.jar;C:\Users\panim\.m2\repository\org\slf4j\jul-to-slf4j\2.0.16\jul-to-slf4j-2.0.16.jar;C:\Users\panim\.m2\repository\jakarta\annotation\jakarta.annotation-api\2.1.1\jakarta.annotation-api-2.1.1.jar;C:\Users\panim\.m2\repository\org\yaml\snakeyaml\2.2\snakeyaml-2.2.jar;C:\Users\panim\.m2\repository\org\springframework\boot\spring-boot-starter-json\3.3.4\spring-boot-starter-json-3.3.4.jar;C:\Users\panim\.m2\repository\com\fasterxml\jackson\datatype\jackson-datatype-jdk8\2.17.2\jackson-datatype-jdk8-2.17.2.jar;C:\Users\panim\.m2\repository\com\fasterxml\jackson\datatype\jackson-datatype-jsr310\2.17.2\jackson-datatype-jsr310-2.17.2.jar;C:\Users\panim\.m2\repository\com\fasterxml\jackson\module\jackson-module-parameter-names\2.17.2\jackson-module-parameter-names-2.17.2.jar;C:\Users\panim\.m2\repository\org\springframework\boot\spring-boot-starter-tomcat\3.3.4\spring-boot-starter-tomcat-3.3.4.jar;C:\Users\panim\.m2\repository\org\apache\tomcat\embed\tomcat-embed-core\10.1.30\tomcat-embed-core-10.1.30.jar;C:\Users\panim\.m2\repository\org\apache\tomcat\embed\tomcat-embed-el\10.1.30\tomcat-embed-el-10.1.30.jar;C:\Users\panim\.m2\repository\org\apache\tomcat\embed\tomcat-embed-websocket\10.1.30\tomcat-embed-websocket-10.1.30.jar;C:\Users\panim\.m2\repository\org\springframework\spring-web\6.1.13\spring-web-6.1.13.jar;C:\Users\panim\.m2\repository\org\springframework\spring-beans\6.1.13\spring-beans-6.1.13.jar;C:\Users\panim\.m2\repository\io\micrometer\micrometer-observation\1.13.4\micrometer-observation-1.13.4.jar;C:\Users\panim\.m2\repository\io\micrometer\micrometer-commons\1.13.4\micrometer-commons-1.13.4.jar;C:\Users\panim\.m2\repository\org\springframework\spring-webmvc\6.1.13\spring-webmvc-6.1.13.jar;C:\Users\panim\.m2\repository\org\springframework\spring-aop\6.1.13\spring-aop-6.1.13.jar;C:\Users\panim\.m2\repository\org\springframework\spring-context\6.1.13\spring-context-6.1.13.jar;C:\Users\panim\.m2\repository\org\springframework\spring-expression\6.1.13\spring-expression-6.1.13.jar;C:\Users\panim\.m2\repository\org\springframework\boot\spring-boot-starter-test\3.3.4\spring-boot-starter-test-3.3.4.jar;C:\Users\panim\.m2\repository\org\springframework\boot\spring-boot-test\3.3.4\spring-boot-test-3.3.4.jar;C:\Users\panim\.m2\repository\org\springframework\boot\spring-boot-test-autoconfigure\3.3.4\spring-boot-test-autoconfigure-3.3.4.jar;C:\Users\panim\.m2\repository\com\jayway\jsonpath\json-path\2.9.0\json-path-2.9.0.jar;C:\Users\panim\.m2\repository\jakarta\xml\bind\jakarta.xml.bind-api\4.0.2\jakarta.xml.bind-api-4.0.2.jar;C:\Users\panim\.m2\repository\jakarta\activation\jakarta.activation-api\2.1.3\jakarta.activation-api-2.1.3.jar;C:\Users\panim\.m2\repository\net\minidev\json-smart\2.5.1\json-smart-2.5.1.jar;C:\Users\panim\.m2\repository\net\minidev\accessors-smart\2.5.1\accessors-smart-2.5.1.jar;C:\Users\panim\.m2\repository\org\ow2\asm\asm\9.6\asm-9.6.jar;C:\Users\panim\.m2\repository\org\assertj\assertj-core\3.25.3\assertj-core-3.25.3.jar;C:\Users\panim\.m2\repository\net\bytebuddy\byte-buddy\1.14.19\byte-buddy-1.14.19.jar;C:\Users\panim\.m2\repository\org\awaitility\awaitility\4.2.2\awaitility-4.2.2.jar;C:\Users\panim\.m2\repository\org\hamcrest\hamcrest\2.2\hamcrest-2.2.jar;C:\Users\panim\.m2\repository\org\junit\jupiter\junit-jupiter\5.10.3\junit-jupiter-5.10.3.jar;C:\Users\panim\.m2\repository\org\junit\jupiter\junit-jupiter-api\5.10.3\junit-jupiter-api-5.10.3.jar;C:\Users\panim\.m2\repository\org\opentest4j\opentest4j\1.3.0\opentest4j-1.3.0.jar;C:\Users\panim\.m2\repository\org\junit\platform\junit-platform-commons\1.10.3\junit-platform-commons-1.10.3.jar;C:\Users\panim\.m2\repository\org\apiguardian\apiguardian-api\1.1.2\apiguardian-api-1.1.2.jar;C:\Users\panim\.m2\repository\org\junit\jupiter\junit-jupiter-params\5.10.3\junit-jupiter-params-5.10.3.jar;C:\Users\panim\.m2\repository\org\junit\jupiter\junit-jupiter-engine\5.10.3\junit-jupiter-engine-5.10.3.jar;C:\Users\panim\.m2\repository\org\junit\platform\junit-platform-engine\1.10.3\junit-platform-engine-1.10.3.jar;C:\Users\panim\.m2\repository\org\mockito\mockito-core\5.11.0\mockito-core-5.11.0.jar;C:\Users\panim\.m2\repository\net\bytebuddy\byte-buddy-agent\1.14.19\byte-buddy-agent-1.14.19.jar;C:\Users\panim\.m2\repository\org\objenesis\objenesis\3.3\objenesis-3.3.jar;C:\Users\panim\.m2\repository\org\mockito\mockito-junit-jupiter\5.11.0\mockito-junit-jupiter-5.11.0.jar;C:\Users\panim\.m2\repository\org\skyscreamer\jsonassert\1.5.3\jsonassert-1.5.3.jar;C:\Users\panim\.m2\repository\com\vaadin\external\google\android-json\0.0.20131108.vaadin1\android-json-0.0.20131108.vaadin1.jar;C:\Users\panim\.m2\repository\org\springframework\spring-core\6.1.13\spring-core-6.1.13.jar;C:\Users\panim\.m2\repository\org\springframework\spring-jcl\6.1.13\spring-jcl-6.1.13.jar;C:\Users\panim\.m2\repository\org\springframework\spring-test\6.1.13\spring-test-6.1.13.jar;C:\Users\panim\.m2\repository\org\xmlunit\xmlunit-core\2.9.1\xmlunit-core-2.9.1.jar;C:\Users\panim\.m2\repository\org\locationtech\jts\jts-core\1.20.0\jts-core-1.20.0.jar;C:\Users\panim\.m2\repository\io\rest-assured\rest-assured\5.3.0\rest-assured-5.3.0.jar;C:\Users\panim\.m2\repository\org\apache\groovy\groovy\4.0.23\groovy-4.0.23.jar;C:\Users\panim\.m2\repository\org\apache\groovy\groovy-xml\4.0.23\groovy-xml-4.0.23.jar;C:\Users\panim\.m2\repository\org\apache\httpcomponents\httpclient\4.5.13\httpclient-4.5.13.jar;C:\Users\panim\.m2\repository\org\apache\httpcomponents\httpcore\4.4.16\httpcore-4.4.16.jar;C:\Users\panim\.m2\repository\commons-logging\commons-logging\1.2\commons-logging-1.2.jar;C:\Users\panim\.m2\repository\commons-codec\commons-codec\1.16.1\commons-codec-1.16.1.jar;C:\Users\panim\.m2\repository\org\apache\httpcomponents\httpmime\4.5.13\httpmime-4.5.13.jar;C:\Users\panim\.m2\repository\org\ccil\cowan\tagsoup\tagsoup\1.2.1\tagsoup-1.2.1.jar;C:\Users\panim\.m2\repository\io\rest-assured\json-path\5.4.0\json-path-5.4.0.jar;C:\Users\panim\.m2\repository\org\apache\groovy\groovy-json\4.0.23\groovy-json-4.0.23.jar;C:\Users\panim\.m2\repository\io\rest-assured\rest-assured-common\5.4.0\rest-assured-common-5.4.0.jar;C:\Users\panim\.m2\repository\io\rest-assured\xml-path\5.4.0\xml-path-5.4.0.jar;C:\Users\panim\.m2\repository\org\apache\commons\commons-lang3\3.14.0\commons-lang3-3.14.0.jar;C:\Users\panim\.m2\repository\com\fasterxml\jackson\core\jackson-databind\2.17.2\jackson-databind-2.17.2.jar;C:\Users\panim\.m2\repository\com\fasterxml\jackson\core\jackson-annotations\2.17.2\jackson-annotations-2.17.2.jar;C:\Users\panim\.m2\repository\com\fasterxml\jackson\core\jackson-core\2.17.2\jackson-core-2.17.2.jar;C:\Users\panim\.m2\repository\org\testcontainers\testcontainers\1.19.0\testcontainers-1.19.0.jar;C:\Users\panim\.m2\repository\junit\junit\4.13.2\junit-4.13.2.jar;C:\Users\panim\.m2\repository\org\hamcrest\hamcrest-core\2.2\hamcrest-core-2.2.jar;C:\Users\panim\.m2\repository\org\slf4j\slf4j-api\2.0.16\slf4j-api-2.0.16.jar;C:\Users\panim\.m2\repository\org\apache\commons\commons-compress\1.23.0\commons-compress-1.23.0.jar;C:\Users\panim\.m2\repository\org\rnorth\duct-tape\duct-tape\1.0.8\duct-tape-1.0.8.jar;C:\Users\panim\.m2\repository\org\jetbrains\annotations\17.0.0\annotations-17.0.0.jar;C:\Users\panim\.m2\repository\com\github\docker-java\docker-java-api\3.3.3\docker-java-api-3.3.3.jar;C:\Users\panim\.m2\repository\com\github\docker-java\docker-java-transport-zerodep\3.3.3\docker-java-transport-zerodep-3.3.3.jar;C:\Users\panim\.m2\repository\com\github\docker-java\docker-java-transport\3.3.3\docker-java-transport-3.3.3.jar;C:\Users\panim\.m2\repository\net\java\dev\jna\jna\5.12.1\jna-5.12.1.jar;C:\Users\panim\.m2\repository\org\testcontainers\junit-jupiter\1.19.0\junit-jupiter-1.19.0.jar;C:\Users\panim\.m2\repository\org\testcontainers\postgresql\1.19.0\postgresql-1.19.0.jar;C:\Users\panim\.m2\repository\org\testcontainers\jdbc\1.19.8\jdbc-1.19.8.jar;C:\Users\panim\.m2\repository\org\testcontainers\database-commons\1.19.8\database-commons-1.19.8.jar;C:\Users\panim\.m2\repository\org\springframework\boot\spring-boot-starter-jdbc\3.3.4\spring-boot-starter-jdbc-3.3.4.jar;C:\Users\panim\.m2\repository\com\zaxxer\HikariCP\5.1.0\HikariCP-5.1.0.jar;C:\Users\panim\.m2\repository\org\springframework\spring-jdbc\6.1.13\spring-jdbc-6.1.13.jar;C:\Users\panim\.m2\repository\org\springframework\spring-tx\6.1.13\spring-tx-6.1.13.jar;C:\Users\panim\.m2\repository\mysql\mysql-connector-java\8.0.25\mysql-connector-java-8.0.25.jar;C:\Users\panim\.m2\repository\com\google\protobuf\protobuf-java\3.11.4\protobuf-java-3.11.4.jar;C:\Users\panim\.m2\repository\com\h2database\h2\2.2.224\h2-2.2.224.jar;"/>
    <property name="sun.cpu.endian" value="little"/>
    <property name="user.home" value="C:\Users\panim"/>
    <property name="user.language" value="en"/>
    <property name="java.specification.vendor" value="Oracle Corporation"/>
    <property name="java.version.date" value="2022-10-18"/>
    <property name="java.home" value="C:\jdk-19_windows-x64_bin\jdk-19.0.1"/>
    <property name="file.separator" value="\"/>
    <property name="basedir" value="C:\Users\panim\Documents\PizzaDronz"/>
    <property name="java.vm.compressedOopsMode" value="Zero based"/>
    <property name="line.separator" value="&#10;"/>
    <property name="java.vm.specification.vendor" value="Oracle Corporation"/>
    <property name="java.specification.name" value="Java Platform API Specification"/>
    <property name="FILE_LOG_CHARSET" value="UTF-8"/>
    <property name="java.awt.headless" value="true"/>
    <property name="surefire.real.class.path" value="C:\Users\panim\AppData\Local\Temp\surefire1853666993497322372\surefirebooter-20250119135330946_3.jar"/>
    <property name="user.script" value=""/>
    <property name="sun.management.compiler" value="HotSpot 64-Bit Tiered Compilers"/>
    <property name="java.runtime.version" value="19.0.1+10-21"/>
    <property name="user.name" value="panim"/>
    <property name="stdout.encoding" value="Cp1252"/>
    <property name="path.separator" value=";"/>
    <property name="os.version" value="10.0"/>
    <property name="java.runtime.name" value="Java(TM) SE Runtime Environment"/>
    <property name="file.encoding" value="UTF-8"/>
    <property name="java.vm.name" value="Java HotSpot(TM) 64-Bit Server VM"/>
    <property name="localRepository" value="C:\Users\panim\.m2\repository"/>
    <property name="java.vendor.url.bug" value="https://bugreport.java.com/bugreport/"/>
    <property name="java.io.tmpdir" value="C:\Users\panim\AppData\Local\Temp\"/>
    <property name="catalina.home" value="C:\Users\panim\AppData\Local\Temp\tomcat.0.8360120609740342232"/>
    <property name="java.version" value="19.0.1"/>
    <property name="user.dir" value="C:\Users\panim\Documents\PizzaDronz"/>
    <property name="os.arch" value="amd64"/>
    <property name="java.vm.specification.name" value="Java Virtual Machine Specification"/>
    <property name="PID" value="7108"/>
    <property name="sun.os.patch.level" value=""/>
    <property name="CONSOLE_LOG_CHARSET" value="UTF-8"/>
    <property name="catalina.base" value="C:\Users\panim\AppData\Local\Temp\tomcat.0.8360120609740342232"/>
    <property name="native.encoding" value="Cp1252"/>
    <property name="java.library.path" value="C:\jdk-19_windows-x64_bin\jdk-19.0.1\bin;C:\WINDOWS\Sun\Java\bin;C:\WINDOWS\system32;C:\WINDOWS;C:\Python312\Scripts\;C:\Python312\;C:\WINDOWS\system32;C:\WINDOWS;C:\WINDOWS\System32\Wbem;C:\WINDOWS\System32\WindowsPowerShell\v1.0\;C:\WINDOWS\System32\OpenSSH\;&quot;;C:\Program Files\jdk-19_windows-x64\bin&quot;;C:\Program Files (x86)\jdk-19_windows-x64_bin\jdk-19.0.1\bin;C:\Program Files (x86)\jdk-19_windows-x64_bin\jdk-19.0.1\bin&quot;;C:\Program Files\jdk-19_windows-x64_bin\jdk-19.0.1\bin;C:\Program Files\jdk-19_windows-x64_bin\jdk-19.0.1\bin&quot;;C:\Program Files\Git\cmd;C:\MinGW\bin;C:\msys64\mingw64\bin;C:\msys64\mingw32\bin;C:\Program Files\CMake\bin;C:\Program Files\dotnet\;C:\Program Files (x86)\Microsoft Visual Studio\2022\BuildTools\VC\Tools\MSVC\14.37.32822\bin\Hostx64\x64;C:\ProgramData\miniconda3\condabin;C:\Users\panim\apache-maven-3.9.9\bin;C:\jdk-19_windows-x64_bin\jdk-19.0.1\\bin;;C:\Program Files\Docker\Docker\resources\bin;C:\Program Files\nodejs\;C:\ProgramData\chocolatey\bin;C:\Users\panim\AppData\Local\Microsoft\WindowsApps;;C:\ghcup\bin;C:\Users\panim\AppData\Local\Programs\Microsoft VS Code\bin;C:\Users\panim\.dotnet\tools;C:\Program Files\JetBrains\IntelliJ IDEA 2024.2.2\bin;;C:\Users\panim\AppData\Roaming\npm;C:\Users\panim\AppData\Local\Muse Hub\lib;."/>
    <property name="java.vm.info" value="mixed mode, sharing"/>
    <property name="stderr.encoding" value="Cp1252"/>
    <property name="java.vendor" value="Oracle Corporation"/>
    <property name="java.vm.version" value="19.0.1+10-21"/>
    <property name="sun.io.unicode.encoding" value="UnicodeLittle"/>
    <property name="java.class.version" value="63.0"/>
    <property name="LOGGED_APPLICATION_NAME" value="[ILP_cw1] "/>
  </properties>
  <testcase name="shouldReturnIsAlive" classname="com.example.ilp_cw1.api.ApiTest" time="1.481">
    <system-out><![CDATA[13:53:32.335 [main] INFO org.springframework.test.context.support.AnnotationConfigContextLoaderUtils -- Could not detect default configuration classes for test class [com.example.ilp_cw1.api.ApiTest]: ApiTest does not declare any static, non-private, non-final, nested classes annotated with @Configuration.
13:53:32.501 [main] INFO org.springframework.boot.test.context.SpringBootTestContextBootstrapper -- Found @SpringBootConfiguration com.example.ilp_cw1.IlpCw1Application for test class com.example.ilp_cw1.api.ApiTest

  .   ____          _            __ _ _
 /\\ / ___'_ __ _ _(_)_ __  __ _ \ \ \ \
( ( )\___ | '_ | '_| | '_ \/ _` | \ \ \ \
 \\/  ___)| |_)| | | | | || (_| |  ) ) ) )
  '  |____| .__|_| |_|_| |_\__, | / / / /
 =========|_|==============|___/=/_/_/_/

 :: Spring Boot ::                (v3.3.4)

2025-01-19T13:53:33.378Z  INFO 7108 --- [ILP_cw1] [           main] com.example.ilp_cw1.api.ApiTest          : Starting ApiTest using Java 19.0.1 with PID 7108 (started by panim in C:\Users\panim\Documents\PizzaDronz)
2025-01-19T13:53:33.379Z  INFO 7108 --- [ILP_cw1] [           main] com.example.ilp_cw1.api.ApiTest          : No active profile set, falling back to 1 default profile: "default"
2025-01-19T13:53:35.276Z  INFO 7108 --- [ILP_cw1] [           main] o.s.b.w.embedded.tomcat.TomcatWebServer  : Tomcat initialized with port 0 (http)
2025-01-19T13:53:35.294Z  INFO 7108 --- [ILP_cw1] [           main] o.apache.catalina.core.StandardService   : Starting service [Tomcat]
2025-01-19T13:53:35.295Z  INFO 7108 --- [ILP_cw1] [           main] o.apache.catalina.core.StandardEngine    : Starting Servlet engine: [Apache Tomcat/10.1.30]
2025-01-19T13:53:35.396Z  INFO 7108 --- [ILP_cw1] [           main] o.a.c.c.C.[Tomcat].[localhost].[/]       : Initializing Spring embedded WebApplicationContext
2025-01-19T13:53:35.398Z  INFO 7108 --- [ILP_cw1] [           main] w.s.c.ServletWebServerApplicationContext : Root WebApplicationContext: initialization completed in 1712 ms
2025-01-19T13:53:36.480Z  INFO 7108 --- [ILP_cw1] [           main] o.s.b.w.embedded.tomcat.TomcatWebServer  : Tomcat started on port 57063 (http) with context path '/'
2025-01-19T13:53:36.496Z  INFO 7108 --- [ILP_cw1] [           main] com.example.ilp_cw1.api.ApiTest          : Started ApiTest in 3.599 seconds (process running for 5.331)
2025-01-19T13:53:37.854Z  INFO 7108 --- [ILP_cw1] [           main] o.a.c.c.C.[Tomcat].[localhost].[/]       : Initializing Spring TestDispatcherServlet ''
2025-01-19T13:53:37.854Z  INFO 7108 --- [ILP_cw1] [           main] o.s.t.web.servlet.TestDispatcherServlet  : Initializing Servlet ''
2025-01-19T13:53:37.855Z  INFO 7108 --- [ILP_cw1] [           main] o.s.t.web.servlet.TestDispatcherServlet  : Completed initialization in 1 ms
2025-01-19T13:53:37.860Z  INFO 7108 --- [ILP_cw1] [           main] o.a.c.c.C.[Tomcat].[localhost].[/]       : Initializing Spring TestDispatcherServlet ''
2025-01-19T13:53:37.860Z  INFO 7108 --- [ILP_cw1] [           main] o.s.t.web.servlet.TestDispatcherServlet  : Initializing Servlet ''
2025-01-19T13:53:37.861Z  INFO 7108 --- [ILP_cw1] [           main] o.s.t.web.servlet.TestDispatcherServlet  : Completed initialization in 1 ms
]]></system-out>
  </testcase>
  <testcase name="testValidateOrder_InvalidPizzaDefinition_ShouldReturnInvalidWithPizzaNotDefinedCode" classname="com.example.ilp_cw1.api.ApiTest" time="1.452">
    <system-out><![CDATA[2025-01-19T13:53:38.003Z  INFO 7108 --- [ILP_cw1] [           main] o.a.c.c.C.[Tomcat].[localhost].[/]       : Initializing Spring TestDispatcherServlet ''
2025-01-19T13:53:38.004Z  INFO 7108 --- [ILP_cw1] [           main] o.s.t.web.servlet.TestDispatcherServlet  : Initializing Servlet ''
2025-01-19T13:53:38.004Z  INFO 7108 --- [ILP_cw1] [           main] o.s.t.web.servlet.TestDispatcherServlet  : Completed initialization in 0 ms
]]></system-out>
  </testcase>
  <testcase name="testIsInRegion_EmptyRegion" classname="com.example.ilp_cw1.api.ApiTest" time="0.028">
    <system-out><![CDATA[2025-01-19T13:53:39.456Z  INFO 7108 --- [ILP_cw1] [           main] o.a.c.c.C.[Tomcat].[localhost].[/]       : Initializing Spring TestDispatcherServlet ''
2025-01-19T13:53:39.456Z  INFO 7108 --- [ILP_cw1] [           main] o.s.t.web.servlet.TestDispatcherServlet  : Initializing Servlet ''
2025-01-19T13:53:39.457Z  INFO 7108 --- [ILP_cw1] [           main] o.s.t.web.servlet.TestDispatcherServlet  : Completed initialization in 0 ms
2025-01-19T13:53:39.460Z  INFO 7108 --- [ILP_cw1] [           main] o.a.c.c.C.[Tomcat].[localhost].[/]       : Initializing Spring TestDispatcherServlet ''
2025-01-19T13:53:39.460Z  INFO 7108 --- [ILP_cw1] [           main] o.s.t.web.servlet.TestDispatcherServlet  : Initializing Servlet ''
2025-01-19T13:53:39.461Z  INFO 7108 --- [ILP_cw1] [           main] o.s.t.web.servlet.TestDispatcherServlet  : Completed initialization in 1 ms
]]></system-out>
  </testcase>
  <testcase name="shouldReturnUuidString" classname="com.example.ilp_cw1.api.ApiTest" time="0.009">
    <system-out><![CDATA[2025-01-19T13:53:39.486Z  INFO 7108 --- [ILP_cw1] [           main] o.a.c.c.C.[Tomcat].[localhost].[/]       : Initializing Spring TestDispatcherServlet ''
2025-01-19T13:53:39.486Z  INFO 7108 --- [ILP_cw1] [           main] o.s.t.web.servlet.TestDispatcherServlet  : Initializing Servlet ''
2025-01-19T13:53:39.487Z  INFO 7108 --- [ILP_cw1] [           main] o.s.t.web.servlet.TestDispatcherServlet  : Completed initialization in 1 ms
2025-01-19T13:53:39.488Z  INFO 7108 --- [ILP_cw1] [           main] o.a.c.c.C.[Tomcat].[localhost].[/]       : Initializing Spring TestDispatcherServlet ''
2025-01-19T13:53:39.488Z  INFO 7108 --- [ILP_cw1] [           main] o.s.t.web.servlet.TestDispatcherServlet  : Initializing Servlet ''
2025-01-19T13:53:39.489Z  INFO 7108 --- [ILP_cw1] [           main] o.s.t.web.servlet.TestDispatcherServlet  : Completed initialization in 1 ms
]]></system-out>
  </testcase>
  <testcase name="testValidateOrder_InvalidCVV_ShouldReturnInvalidWithCVVInvalidCode" classname="com.example.ilp_cw1.api.ApiTest" time="0.21">
    <system-out><![CDATA[2025-01-19T13:53:39.497Z  INFO 7108 --- [ILP_cw1] [           main] o.a.c.c.C.[Tomcat].[localhost].[/]       : Initializing Spring TestDispatcherServlet ''
2025-01-19T13:53:39.497Z  INFO 7108 --- [ILP_cw1] [           main] o.s.t.web.servlet.TestDispatcherServlet  : Initializing Servlet ''
2025-01-19T13:53:39.499Z  INFO 7108 --- [ILP_cw1] [           main] o.s.t.web.servlet.TestDispatcherServlet  : Completed initialization in 1 ms
]]></system-out>
  </testcase>
  <testcase name="testValidateOrder_EmptyOrder_ShouldReturnInvalidWithEmptyOrderCode" classname="com.example.ilp_cw1.api.ApiTest" time="0.01">
    <system-out><![CDATA[2025-01-19T13:53:39.709Z  INFO 7108 --- [ILP_cw1] [           main] o.a.c.c.C.[Tomcat].[localhost].[/]       : Initializing Spring TestDispatcherServlet ''
2025-01-19T13:53:39.709Z  INFO 7108 --- [ILP_cw1] [           main] o.s.t.web.servlet.TestDispatcherServlet  : Initializing Servlet ''
2025-01-19T13:53:39.710Z  INFO 7108 --- [ILP_cw1] [           main] o.s.t.web.servlet.TestDispatcherServlet  : Completed initialization in 1 ms
]]></system-out>
  </testcase>
  <testcase name="testGetDistanceTo_Success" classname="com.example.ilp_cw1.api.ApiTest" time="0.016">
    <system-out><![CDATA[2025-01-19T13:53:39.720Z  INFO 7108 --- [ILP_cw1] [           main] o.a.c.c.C.[Tomcat].[localhost].[/]       : Initializing Spring TestDispatcherServlet ''
2025-01-19T13:53:39.720Z  INFO 7108 --- [ILP_cw1] [           main] o.s.t.web.servlet.TestDispatcherServlet  : Initializing Servlet ''
2025-01-19T13:53:39.721Z  INFO 7108 --- [ILP_cw1] [           main] o.s.t.web.servlet.TestDispatcherServlet  : Completed initialization in 1 ms
2025-01-19T13:53:39.722Z  INFO 7108 --- [ILP_cw1] [           main] o.a.c.c.C.[Tomcat].[localhost].[/]       : Initializing Spring TestDispatcherServlet ''
2025-01-19T13:53:39.722Z  INFO 7108 --- [ILP_cw1] [           main] o.s.t.web.servlet.TestDispatcherServlet  : Initializing Servlet ''
2025-01-19T13:53:39.723Z  INFO 7108 --- [ILP_cw1] [           main] o.s.t.web.servlet.TestDispatcherServlet  : Completed initialization in 1 ms
]]></system-out>
  </testcase>
  <testcase name="testValidateOrder_InvalidTotalPrice_ShouldReturnInvalidWithTotalIncorrectCode" classname="com.example.ilp_cw1.api.ApiTest" time="0.252">
    <system-out><![CDATA[2025-01-19T13:53:39.737Z  INFO 7108 --- [ILP_cw1] [           main] o.a.c.c.C.[Tomcat].[localhost].[/]       : Initializing Spring TestDispatcherServlet ''
2025-01-19T13:53:39.738Z  INFO 7108 --- [ILP_cw1] [           main] o.s.t.web.servlet.TestDispatcherServlet  : Initializing Servlet ''
2025-01-19T13:53:39.739Z  INFO 7108 --- [ILP_cw1] [           main] o.s.t.web.servlet.TestDispatcherServlet  : Completed initialization in 1 ms
]]></system-out>
  </testcase>
  <testcase name="testIsCloseTo_FarPositions" classname="com.example.ilp_cw1.api.ApiTest" time="0.009">
    <system-out><![CDATA[2025-01-19T13:53:39.991Z  INFO 7108 --- [ILP_cw1] [           main] o.a.c.c.C.[Tomcat].[localhost].[/]       : Initializing Spring TestDispatcherServlet ''
2025-01-19T13:53:39.991Z  INFO 7108 --- [ILP_cw1] [           main] o.s.t.web.servlet.TestDispatcherServlet  : Initializing Servlet ''
2025-01-19T13:53:39.992Z  INFO 7108 --- [ILP_cw1] [           main] o.s.t.web.servlet.TestDispatcherServlet  : Completed initialization in 1 ms
2025-01-19T13:53:39.992Z  INFO 7108 --- [ILP_cw1] [           main] o.a.c.c.C.[Tomcat].[localhost].[/]       : Initializing Spring TestDispatcherServlet ''
2025-01-19T13:53:39.992Z  INFO 7108 --- [ILP_cw1] [           main] o.s.t.web.servlet.TestDispatcherServlet  : Initializing Servlet ''
2025-01-19T13:53:39.993Z  INFO 7108 --- [ILP_cw1] [           main] o.s.t.web.servlet.TestDispatcherServlet  : Completed initialization in 0 ms
]]></system-out>
  </testcase>
  <testcase name="testGetNextPosition_InvalidAngle" classname="com.example.ilp_cw1.api.ApiTest" time="0.014">
    <system-out><![CDATA[2025-01-19T13:53:40.001Z  INFO 7108 --- [ILP_cw1] [           main] o.a.c.c.C.[Tomcat].[localhost].[/]       : Initializing Spring TestDispatcherServlet ''
2025-01-19T13:53:40.001Z  INFO 7108 --- [ILP_cw1] [           main] o.s.t.web.servlet.TestDispatcherServlet  : Initializing Servlet ''
2025-01-19T13:53:40.002Z  INFO 7108 --- [ILP_cw1] [           main] o.s.t.web.servlet.TestDispatcherServlet  : Completed initialization in 1 ms
2025-01-19T13:53:40.003Z  INFO 7108 --- [ILP_cw1] [           main] o.a.c.c.C.[Tomcat].[localhost].[/]       : Initializing Spring TestDispatcherServlet ''
2025-01-19T13:53:40.003Z  INFO 7108 --- [ILP_cw1] [           main] o.s.t.web.servlet.TestDispatcherServlet  : Initializing Servlet ''
2025-01-19T13:53:40.004Z  INFO 7108 --- [ILP_cw1] [           main] o.s.t.web.servlet.TestDispatcherServlet  : Completed initialization in 1 ms
]]></system-out>
  </testcase>
  <testcase name="testGetDistanceTo_MalformedJson" classname="com.example.ilp_cw1.api.ApiTest" time="0.012">
    <system-out><![CDATA[2025-01-19T13:53:40.018Z  INFO 7108 --- [ILP_cw1] [           main] o.a.c.c.C.[Tomcat].[localhost].[/]       : Initializing Spring TestDispatcherServlet ''
2025-01-19T13:53:40.018Z  INFO 7108 --- [ILP_cw1] [           main] o.s.t.web.servlet.TestDispatcherServlet  : Initializing Servlet ''
2025-01-19T13:53:40.019Z  INFO 7108 --- [ILP_cw1] [           main] o.s.t.web.servlet.TestDispatcherServlet  : Completed initialization in 1 ms
2025-01-19T13:53:40.020Z  INFO 7108 --- [ILP_cw1] [           main] o.a.c.c.C.[Tomcat].[localhost].[/]       : Initializing Spring TestDispatcherServlet ''
2025-01-19T13:53:40.020Z  INFO 7108 --- [ILP_cw1] [           main] o.s.t.web.servlet.TestDispatcherServlet  : Initializing Servlet ''
2025-01-19T13:53:40.021Z  INFO 7108 --- [ILP_cw1] [           main] o.s.t.web.servlet.TestDispatcherServlet  : Completed initialization in 1 ms
2025-01-19T13:53:40.026Z  WARN 7108 --- [ILP_cw1] [           main] .w.s.m.s.DefaultHandlerExceptionResolver : Resolved [org.springframework.http.converter.HttpMessageNotReadableException: JSON parse error: Unexpected end-of-input: expected close marker for Object (start marker at [Source: REDACTED (`StreamReadFeature.INCLUDE_SOURCE_IN_LOCATION` disabled); line: 1, column: 1])]
]]></system-out>
  </testcase>
  <testcase name="testIsInRegion_InvalidPolygon" classname="com.example.ilp_cw1.api.ApiTest" time="0.011">
    <system-out><![CDATA[2025-01-19T13:53:40.030Z  INFO 7108 --- [ILP_cw1] [           main] o.a.c.c.C.[Tomcat].[localhost].[/]       : Initializing Spring TestDispatcherServlet ''
2025-01-19T13:53:40.031Z  INFO 7108 --- [ILP_cw1] [           main] o.s.t.web.servlet.TestDispatcherServlet  : Initializing Servlet ''
2025-01-19T13:53:40.031Z  INFO 7108 --- [ILP_cw1] [           main] o.s.t.web.servlet.TestDispatcherServlet  : Completed initialization in 0 ms
2025-01-19T13:53:40.032Z  INFO 7108 --- [ILP_cw1] [           main] o.a.c.c.C.[Tomcat].[localhost].[/]       : Initializing Spring TestDispatcherServlet ''
2025-01-19T13:53:40.032Z  INFO 7108 --- [ILP_cw1] [           main] o.s.t.web.servlet.TestDispatcherServlet  : Initializing Servlet ''
2025-01-19T13:53:40.033Z  INFO 7108 --- [ILP_cw1] [           main] o.s.t.web.servlet.TestDispatcherServlet  : Completed initialization in 1 ms
]]></system-out>
  </testcase>
  <testcase name="testCalcDeliveryPath_ExceptionHandling_ShouldReturnBadRequest" classname="com.example.ilp_cw1.api.ApiTest" time="0.01">
    <system-out><![CDATA[2025-01-19T13:53:40.045Z  INFO 7108 --- [ILP_cw1] [           main] o.a.c.c.C.[Tomcat].[localhost].[/]       : Initializing Spring TestDispatcherServlet ''
2025-01-19T13:53:40.045Z  INFO 7108 --- [ILP_cw1] [           main] o.s.t.web.servlet.TestDispatcherServlet  : Initializing Servlet ''
2025-01-19T13:53:40.046Z  INFO 7108 --- [ILP_cw1] [           main] o.s.t.web.servlet.TestDispatcherServlet  : Completed initialization in 1 ms
]]></system-out>
  </testcase>
  <testcase name="testValidateOrderPerformance" classname="com.example.ilp_cw1.api.ApiTest" time="0.201">
    <system-out><![CDATA[2025-01-19T13:53:40.055Z  INFO 7108 --- [ILP_cw1] [           main] o.a.c.c.C.[Tomcat].[localhost].[/]       : Initializing Spring TestDispatcherServlet ''
2025-01-19T13:53:40.056Z  INFO 7108 --- [ILP_cw1] [           main] o.s.t.web.servlet.TestDispatcherServlet  : Initializing Servlet ''
2025-01-19T13:53:40.057Z  INFO 7108 --- [ILP_cw1] [           main] o.s.t.web.servlet.TestDispatcherServlet  : Completed initialization in 1 ms
2025-01-19T13:53:40.058Z  INFO 7108 --- [ILP_cw1] [           main] o.a.c.c.C.[Tomcat].[localhost].[/]       : Initializing Spring TestDispatcherServlet ''
2025-01-19T13:53:40.058Z  INFO 7108 --- [ILP_cw1] [           main] o.s.t.web.servlet.TestDispatcherServlet  : Initializing Servlet ''
2025-01-19T13:53:40.059Z  INFO 7108 --- [ILP_cw1] [           main] o.s.t.web.servlet.TestDispatcherServlet  : Completed initialization in 1 ms
]]></system-out>
  </testcase>
  <testcase name="testGetNextPosition_UnexpectedError" classname="com.example.ilp_cw1.api.ApiTest" time="0.006">
    <system-out><![CDATA[2025-01-19T13:53:40.257Z  INFO 7108 --- [ILP_cw1] [           main] o.a.c.c.C.[Tomcat].[localhost].[/]       : Initializing Spring TestDispatcherServlet ''
2025-01-19T13:53:40.257Z  INFO 7108 --- [ILP_cw1] [           main] o.s.t.web.servlet.TestDispatcherServlet  : Initializing Servlet ''
2025-01-19T13:53:40.258Z  INFO 7108 --- [ILP_cw1] [           main] o.s.t.web.servlet.TestDispatcherServlet  : Completed initialization in 1 ms
2025-01-19T13:53:40.259Z  INFO 7108 --- [ILP_cw1] [           main] o.a.c.c.C.[Tomcat].[localhost].[/]       : Initializing Spring TestDispatcherServlet ''
2025-01-19T13:53:40.259Z  INFO 7108 --- [ILP_cw1] [           main] o.s.t.web.servlet.TestDispatcherServlet  : Initializing Servlet ''
2025-01-19T13:53:40.259Z  INFO 7108 --- [ILP_cw1] [           main] o.s.t.web.servlet.TestDispatcherServlet  : Completed initialization in 0 ms
2025-01-19T13:53:40.260Z  WARN 7108 --- [ILP_cw1] [           main] .w.s.m.s.DefaultHandlerExceptionResolver : Resolved [org.springframework.http.converter.HttpMessageNotReadableException: JSON parse error: Unexpected end-of-input: expected close marker for Object (start marker at [Source: REDACTED (`StreamReadFeature.INCLUDE_SOURCE_IN_LOCATION` disabled); line: 1, column: 1])]
]]></system-out>
  </testcase>
  <testcase name="testCalcDeliveryPathAsGeoJson_ValidOrder_ShouldReturnGeoJson" classname="com.example.ilp_cw1.api.ApiTest" time="0.643">
    <system-out><![CDATA[2025-01-19T13:53:40.265Z  INFO 7108 --- [ILP_cw1] [           main] o.a.c.c.C.[Tomcat].[localhost].[/]       : Initializing Spring TestDispatcherServlet ''
2025-01-19T13:53:40.265Z  INFO 7108 --- [ILP_cw1] [           main] o.s.t.web.servlet.TestDispatcherServlet  : Initializing Servlet ''
2025-01-19T13:53:40.266Z  INFO 7108 --- [ILP_cw1] [           main] o.s.t.web.servlet.TestDispatcherServlet  : Completed initialization in 1 ms
]]></system-out>
  </testcase>
  <testcase name="testIsInRegion_InvalidPoint" classname="com.example.ilp_cw1.api.ApiTest" time="0.016">
    <system-out><![CDATA[2025-01-19T13:53:40.913Z  INFO 7108 --- [ILP_cw1] [           main] o.a.c.c.C.[Tomcat].[localhost].[/]       : Initializing Spring TestDispatcherServlet ''
2025-01-19T13:53:40.913Z  INFO 7108 --- [ILP_cw1] [           main] o.s.t.web.servlet.TestDispatcherServlet  : Initializing Servlet ''
2025-01-19T13:53:40.915Z  INFO 7108 --- [ILP_cw1] [           main] o.s.t.web.servlet.TestDispatcherServlet  : Completed initialization in 1 ms
2025-01-19T13:53:40.916Z  INFO 7108 --- [ILP_cw1] [           main] o.a.c.c.C.[Tomcat].[localhost].[/]       : Initializing Spring TestDispatcherServlet ''
2025-01-19T13:53:40.917Z  INFO 7108 --- [ILP_cw1] [           main] o.s.t.web.servlet.TestDispatcherServlet  : Initializing Servlet ''
2025-01-19T13:53:40.917Z  INFO 7108 --- [ILP_cw1] [           main] o.s.t.web.servlet.TestDispatcherServlet  : Completed initialization in 0 ms
]]></system-out>
  </testcase>
  <testcase name="testIsInRegion_InvalidCollinearPolygon" classname="com.example.ilp_cw1.api.ApiTest" time="0.012">
    <system-out><![CDATA[2025-01-19T13:53:40.929Z  INFO 7108 --- [ILP_cw1] [           main] o.a.c.c.C.[Tomcat].[localhost].[/]       : Initializing Spring TestDispatcherServlet ''
2025-01-19T13:53:40.929Z  INFO 7108 --- [ILP_cw1] [           main] o.s.t.web.servlet.TestDispatcherServlet  : Initializing Servlet ''
2025-01-19T13:53:40.930Z  INFO 7108 --- [ILP_cw1] [           main] o.s.t.web.servlet.TestDispatcherServlet  : Completed initialization in 1 ms
2025-01-19T13:53:40.931Z  INFO 7108 --- [ILP_cw1] [           main] o.a.c.c.C.[Tomcat].[localhost].[/]       : Initializing Spring TestDispatcherServlet ''
2025-01-19T13:53:40.931Z  INFO 7108 --- [ILP_cw1] [           main] o.s.t.web.servlet.TestDispatcherServlet  : Initializing Servlet ''
2025-01-19T13:53:40.932Z  INFO 7108 --- [ILP_cw1] [           main] o.s.t.web.servlet.TestDispatcherServlet  : Completed initialization in 1 ms
]]></system-out>
  </testcase>
  <testcase name="testGetDistanceTo_InvalidCoordinates" classname="com.example.ilp_cw1.api.ApiTest" time="0.011">
    <system-out><![CDATA[2025-01-19T13:53:40.945Z  INFO 7108 --- [ILP_cw1] [           main] o.a.c.c.C.[Tomcat].[localhost].[/]       : Initializing Spring TestDispatcherServlet ''
2025-01-19T13:53:40.945Z  INFO 7108 --- [ILP_cw1] [           main] o.s.t.web.servlet.TestDispatcherServlet  : Initializing Servlet ''
2025-01-19T13:53:40.946Z  INFO 7108 --- [ILP_cw1] [           main] o.s.t.web.servlet.TestDispatcherServlet  : Completed initialization in 0 ms
2025-01-19T13:53:40.947Z  INFO 7108 --- [ILP_cw1] [           main] o.a.c.c.C.[Tomcat].[localhost].[/]       : Initializing Spring TestDispatcherServlet ''
2025-01-19T13:53:40.947Z  INFO 7108 --- [ILP_cw1] [           main] o.s.t.web.servlet.TestDispatcherServlet  : Initializing Servlet ''
2025-01-19T13:53:40.948Z  INFO 7108 --- [ILP_cw1] [           main] o.s.t.web.servlet.TestDispatcherServlet  : Completed initialization in 1 ms
]]></system-out>
  </testcase>
  <testcase name="testIsInRegion_ValidPointOutside" classname="com.example.ilp_cw1.api.ApiTest" time="0.016">
    <system-out><![CDATA[2025-01-19T13:53:40.957Z  INFO 7108 --- [ILP_cw1] [           main] o.a.c.c.C.[Tomcat].[localhost].[/]       : Initializing Spring TestDispatcherServlet ''
2025-01-19T13:53:40.957Z  INFO 7108 --- [ILP_cw1] [           main] o.s.t.web.servlet.TestDispatcherServlet  : Initializing Servlet ''
2025-01-19T13:53:40.958Z  INFO 7108 --- [ILP_cw1] [           main] o.s.t.web.servlet.TestDispatcherServlet  : Completed initialization in 1 ms
2025-01-19T13:53:40.960Z  INFO 7108 --- [ILP_cw1] [           main] o.a.c.c.C.[Tomcat].[localhost].[/]       : Initializing Spring TestDispatcherServlet ''
2025-01-19T13:53:40.960Z  INFO 7108 --- [ILP_cw1] [           main] o.s.t.web.servlet.TestDispatcherServlet  : Initializing Servlet ''
2025-01-19T13:53:40.961Z  INFO 7108 --- [ILP_cw1] [           main] o.s.t.web.servlet.TestDispatcherServlet  : Completed initialization in 1 ms
]]></system-out>
  </testcase>
  <testcase name="testValidateOrder_MaxPizzaCountExceeded_ShouldReturnInvalidWithMaxPizzaCountExceededCode" classname="com.example.ilp_cw1.api.ApiTest" time="0.221">
    <system-out><![CDATA[2025-01-19T13:53:40.976Z  INFO 7108 --- [ILP_cw1] [           main] o.a.c.c.C.[Tomcat].[localhost].[/]       : Initializing Spring TestDispatcherServlet ''
2025-01-19T13:53:40.976Z  INFO 7108 --- [ILP_cw1] [           main] o.s.t.web.servlet.TestDispatcherServlet  : Initializing Servlet ''
2025-01-19T13:53:40.977Z  INFO 7108 --- [ILP_cw1] [           main] o.s.t.web.servlet.TestDispatcherServlet  : Completed initialization in 1 ms
]]></system-out>
  </testcase>
  <testcase name="testGetNextPosition_ValidInput" classname="com.example.ilp_cw1.api.ApiTest" time="0.032">
    <system-out><![CDATA[2025-01-19T13:53:41.198Z  INFO 7108 --- [ILP_cw1] [           main] o.a.c.c.C.[Tomcat].[localhost].[/]       : Initializing Spring TestDispatcherServlet ''
2025-01-19T13:53:41.199Z  INFO 7108 --- [ILP_cw1] [           main] o.s.t.web.servlet.TestDispatcherServlet  : Initializing Servlet ''
2025-01-19T13:53:41.199Z  INFO 7108 --- [ILP_cw1] [           main] o.s.t.web.servlet.TestDispatcherServlet  : Completed initialization in 0 ms
2025-01-19T13:53:41.200Z  INFO 7108 --- [ILP_cw1] [           main] o.a.c.c.C.[Tomcat].[localhost].[/]       : Initializing Spring TestDispatcherServlet ''
2025-01-19T13:53:41.201Z  INFO 7108 --- [ILP_cw1] [           main] o.s.t.web.servlet.TestDispatcherServlet  : Initializing Servlet ''
2025-01-19T13:53:41.201Z  INFO 7108 --- [ILP_cw1] [           main] o.s.t.web.servlet.TestDispatcherServlet  : Completed initialization in 0 ms
]]></system-out>
  </testcase>
  <testcase name="testCalcDeliveryPathPerformance" classname="com.example.ilp_cw1.api.ApiTest" time="0.877">
    <system-out><![CDATA[2025-01-19T13:53:41.233Z  INFO 7108 --- [ILP_cw1] [           main] o.a.c.c.C.[Tomcat].[localhost].[/]       : Initializing Spring TestDispatcherServlet ''
2025-01-19T13:53:41.233Z  INFO 7108 --- [ILP_cw1] [           main] o.s.t.web.servlet.TestDispatcherServlet  : Initializing Servlet ''
2025-01-19T13:53:41.234Z  INFO 7108 --- [ILP_cw1] [           main] o.s.t.web.servlet.TestDispatcherServlet  : Completed initialization in 1 ms
2025-01-19T13:53:41.235Z  INFO 7108 --- [ILP_cw1] [           main] o.a.c.c.C.[Tomcat].[localhost].[/]       : Initializing Spring TestDispatcherServlet ''
2025-01-19T13:53:41.235Z  INFO 7108 --- [ILP_cw1] [           main] o.s.t.web.servlet.TestDispatcherServlet  : Initializing Servlet ''
2025-01-19T13:53:41.235Z  INFO 7108 --- [ILP_cw1] [           main] o.s.t.web.servlet.TestDispatcherServlet  : Completed initialization in 0 ms
]]></system-out>
  </testcase>
  <testcase name="testIsCloseTo_UnexpectedError" classname="com.example.ilp_cw1.api.ApiTest" time="0.005">
    <system-out><![CDATA[2025-01-19T13:53:42.108Z  INFO 7108 --- [ILP_cw1] [           main] o.a.c.c.C.[Tomcat].[localhost].[/]       : Initializing Spring TestDispatcherServlet ''
2025-01-19T13:53:42.109Z  INFO 7108 --- [ILP_cw1] [           main] o.s.t.web.servlet.TestDispatcherServlet  : Initializing Servlet ''
2025-01-19T13:53:42.109Z  INFO 7108 --- [ILP_cw1] [           main] o.s.t.web.servlet.TestDispatcherServlet  : Completed initialization in 0 ms
2025-01-19T13:53:42.109Z  INFO 7108 --- [ILP_cw1] [           main] o.a.c.c.C.[Tomcat].[localhost].[/]       : Initializing Spring TestDispatcherServlet ''
2025-01-19T13:53:42.110Z  INFO 7108 --- [ILP_cw1] [           main] o.s.t.web.servlet.TestDispatcherServlet  : Initializing Servlet ''
2025-01-19T13:53:42.110Z  INFO 7108 --- [ILP_cw1] [           main] o.s.t.web.servlet.TestDispatcherServlet  : Completed initialization in 0 ms
2025-01-19T13:53:42.111Z  WARN 7108 --- [ILP_cw1] [           main] .w.s.m.s.DefaultHandlerExceptionResolver : Resolved [org.springframework.http.converter.HttpMessageNotReadableException: JSON parse error: Unexpected end-of-input: expected close marker for Object (start marker at [Source: REDACTED (`StreamReadFeature.INCLUDE_SOURCE_IN_LOCATION` disabled); line: 1, column: 1])]
]]></system-out>
  </testcase>
  <testcase name="testCalcDeliveryPathAsGeoJsonPerformance" classname="com.example.ilp_cw1.api.ApiTest" time="0.374">
    <system-out><![CDATA[2025-01-19T13:53:42.115Z  INFO 7108 --- [ILP_cw1] [           main] o.a.c.c.C.[Tomcat].[localhost].[/]       : Initializing Spring TestDispatcherServlet ''
2025-01-19T13:53:42.115Z  INFO 7108 --- [ILP_cw1] [           main] o.s.t.web.servlet.TestDispatcherServlet  : Initializing Servlet ''
2025-01-19T13:53:42.116Z  INFO 7108 --- [ILP_cw1] [           main] o.s.t.web.servlet.TestDispatcherServlet  : Completed initialization in 1 ms
2025-01-19T13:53:42.116Z  INFO 7108 --- [ILP_cw1] [           main] o.a.c.c.C.[Tomcat].[localhost].[/]       : Initializing Spring TestDispatcherServlet ''
2025-01-19T13:53:42.117Z  INFO 7108 --- [ILP_cw1] [           main] o.s.t.web.servlet.TestDispatcherServlet  : Initializing Servlet ''
2025-01-19T13:53:42.117Z  INFO 7108 --- [ILP_cw1] [           main] o.s.t.web.servlet.TestDispatcherServlet  : Completed initialization in 0 ms
]]></system-out>
  </testcase>
  <testcase name="testCalcDeliveryPath_InvalidOrder_ShouldReturnBadRequest" classname="com.example.ilp_cw1.api.ApiTest" time="0.006">
    <system-out><![CDATA[2025-01-19T13:53:42.489Z  INFO 7108 --- [ILP_cw1] [           main] o.a.c.c.C.[Tomcat].[localhost].[/]       : Initializing Spring TestDispatcherServlet ''
2025-01-19T13:53:42.490Z  INFO 7108 --- [ILP_cw1] [           main] o.s.t.web.servlet.TestDispatcherServlet  : Initializing Servlet ''
2025-01-19T13:53:42.490Z  INFO 7108 --- [ILP_cw1] [           main] o.s.t.web.servlet.TestDispatcherServlet  : Completed initialization in 0 ms
]]></system-out>
  </testcase>
  <testcase name="testGetNextPosition_InvalidCoordinates" classname="com.example.ilp_cw1.api.ApiTest" time="0.008">
    <system-out><![CDATA[2025-01-19T13:53:42.498Z  INFO 7108 --- [ILP_cw1] [           main] o.a.c.c.C.[Tomcat].[localhost].[/]       : Initializing Spring TestDispatcherServlet ''
2025-01-19T13:53:42.498Z  INFO 7108 --- [ILP_cw1] [           main] o.s.t.web.servlet.TestDispatcherServlet  : Initializing Servlet ''
2025-01-19T13:53:42.498Z  INFO 7108 --- [ILP_cw1] [           main] o.s.t.web.servlet.TestDispatcherServlet  : Completed initialization in 0 ms
2025-01-19T13:53:42.499Z  INFO 7108 --- [ILP_cw1] [           main] o.a.c.c.C.[Tomcat].[localhost].[/]       : Initializing Spring TestDispatcherServlet ''
2025-01-19T13:53:42.499Z  INFO 7108 --- [ILP_cw1] [           main] o.s.t.web.servlet.TestDispatcherServlet  : Initializing Servlet ''
2025-01-19T13:53:42.499Z  INFO 7108 --- [ILP_cw1] [           main] o.s.t.web.servlet.TestDispatcherServlet  : Completed initialization in 0 ms
]]></system-out>
  </testcase>
  <testcase name="testIsCloseTo_ClosePositions" classname="com.example.ilp_cw1.api.ApiTest" time="0.007">
    <system-out><![CDATA[2025-01-19T13:53:42.507Z  INFO 7108 --- [ILP_cw1] [           main] o.a.c.c.C.[Tomcat].[localhost].[/]       : Initializing Spring TestDispatcherServlet ''
2025-01-19T13:53:42.507Z  INFO 7108 --- [ILP_cw1] [           main] o.s.t.web.servlet.TestDispatcherServlet  : Initializing Servlet ''
2025-01-19T13:53:42.508Z  INFO 7108 --- [ILP_cw1] [           main] o.s.t.web.servlet.TestDispatcherServlet  : Completed initialization in 1 ms
2025-01-19T13:53:42.509Z  INFO 7108 --- [ILP_cw1] [           main] o.a.c.c.C.[Tomcat].[localhost].[/]       : Initializing Spring TestDispatcherServlet ''
2025-01-19T13:53:42.509Z  INFO 7108 --- [ILP_cw1] [           main] o.s.t.web.servlet.TestDispatcherServlet  : Initializing Servlet ''
2025-01-19T13:53:42.510Z  INFO 7108 --- [ILP_cw1] [           main] o.s.t.web.servlet.TestDispatcherServlet  : Completed initialization in 1 ms
]]></system-out>
  </testcase>
  <testcase name="testIsInRegion_ValidPointInside" classname="com.example.ilp_cw1.api.ApiTest" time="0.011">
    <system-out><![CDATA[2025-01-19T13:53:42.515Z  INFO 7108 --- [ILP_cw1] [           main] o.a.c.c.C.[Tomcat].[localhost].[/]       : Initializing Spring TestDispatcherServlet ''
2025-01-19T13:53:42.516Z  INFO 7108 --- [ILP_cw1] [           main] o.s.t.web.servlet.TestDispatcherServlet  : Initializing Servlet ''
2025-01-19T13:53:42.516Z  INFO 7108 --- [ILP_cw1] [           main] o.s.t.web.servlet.TestDispatcherServlet  : Completed initialization in 0 ms
2025-01-19T13:53:42.517Z  INFO 7108 --- [ILP_cw1] [           main] o.a.c.c.C.[Tomcat].[localhost].[/]       : Initializing Spring TestDispatcherServlet ''
2025-01-19T13:53:42.517Z  INFO 7108 --- [ILP_cw1] [           main] o.s.t.web.servlet.TestDispatcherServlet  : Initializing Servlet ''
2025-01-19T13:53:42.518Z  INFO 7108 --- [ILP_cw1] [           main] o.s.t.web.servlet.TestDispatcherServlet  : Completed initialization in 1 ms
]]></system-out>
  </testcase>
  <testcase name="testGetNextPosition_OutOfBounds" classname="com.example.ilp_cw1.api.ApiTest" time="0.008">
    <system-out><![CDATA[2025-01-19T13:53:42.528Z  INFO 7108 --- [ILP_cw1] [           main] o.a.c.c.C.[Tomcat].[localhost].[/]       : Initializing Spring TestDispatcherServlet ''
2025-01-19T13:53:42.528Z  INFO 7108 --- [ILP_cw1] [           main] o.s.t.web.servlet.TestDispatcherServlet  : Initializing Servlet ''
2025-01-19T13:53:42.529Z  INFO 7108 --- [ILP_cw1] [           main] o.s.t.web.servlet.TestDispatcherServlet  : Completed initialization in 1 ms
2025-01-19T13:53:42.529Z  INFO 7108 --- [ILP_cw1] [           main] o.a.c.c.C.[Tomcat].[localhost].[/]       : Initializing Spring TestDispatcherServlet ''
2025-01-19T13:53:42.530Z  INFO 7108 --- [ILP_cw1] [           main] o.s.t.web.servlet.TestDispatcherServlet  : Initializing Servlet ''
2025-01-19T13:53:42.530Z  INFO 7108 --- [ILP_cw1] [           main] o.s.t.web.servlet.TestDispatcherServlet  : Completed initialization in 0 ms
]]></system-out>
  </testcase>
  <testcase name="testValidateOrder_MultipleRestaurants_ShouldReturnInvalidWithMultipleRestaurantsCode" classname="com.example.ilp_cw1.api.ApiTest" time="0.472">
    <system-out><![CDATA[2025-01-19T13:53:42.537Z  INFO 7108 --- [ILP_cw1] [           main] o.a.c.c.C.[Tomcat].[localhost].[/]       : Initializing Spring TestDispatcherServlet ''
2025-01-19T13:53:42.538Z  INFO 7108 --- [ILP_cw1] [           main] o.s.t.web.servlet.TestDispatcherServlet  : Initializing Servlet ''
2025-01-19T13:53:42.539Z  INFO 7108 --- [ILP_cw1] [           main] o.s.t.web.servlet.TestDispatcherServlet  : Completed initialization in 1 ms
]]></system-out>
  </testcase>
</testsuite>